<?xml version="1.0" encoding="UTF-8"?>
<testsuite xmlns:xsi="http://www.w3.org/2001/XMLSchema-instance" xsi:schemaLocation="https://maven.apache.org/surefire/maven-surefire-plugin/xsd/surefire-test-report.xsd" name="TestSuite" time="0.704" tests="2" errors="0" skipped="0" failures="0">
  <properties>
    <property name="PROCESSOR_ARCHITECTURE" value="x86"/>
    <property name="file.encoding.pkg" value="sun.io"/>
    <property name="LOGONSERVER" value="\\DESKTOP-TD698K0"/>
    <property name="ProgramData" value="C:\ProgramData"/>
    <property name="java.home" value="D:\Program Files (x86)\Java\jdk1.8.0_73"/>
    <property name="TITLE" value="Tomcat"/>
    <property name="NODE_NAME" value="master"/>
    <property name="JENKINS_URL" value="http://localhost:8080/jenkins/"/>
    <property name="CATALINA_HOME" value="E:\xxf\xuexi\apache-tomcat-9.0.27"/>
    <property name="ALLUSERSPROFILE" value="C:\ProgramData"/>
    <property name="java.endorsed.dirs" value="D:\Program Files (x86)\Java\jdk1.8.0_73\lib\endorsed"/>
    <property name="PSModulePath" value="C:\Program Files\WindowsPowerShell\Modules;C:\WINDOWS\system32\WindowsPowerShell\v1.0\Modules"/>
    <property name="=::" value="::\"/>
    <property name="USERDOMAIN" value="DESKTOP-TD698K0"/>
    <property name="sun.os.patch.level" value=""/>
    <property name="java.vendor.url" value="http://java.oracle.com/"/>
    <property name="JAVA_OPTS" value=" -Djdk.tls.ephemeralDHKeySize=2048 -Djava.protocol.handler.pkgs=org.apache.catalina.webresources"/>
    <property name="CommonProgramFiles(x86)" value="C:\Program Files (x86)\Common Files"/>
    <property name="java.version" value="1.8.0_73"/>
    <property name="JOB_NAME" value="Selenium1"/>
    <property name="COMPUTERNAME" value="DESKTOP-TD698K0"/>
    <property name="EXECUTABLE" value="E:\xxf\xuexi\apache-tomcat-9.0.27\bin\catalina.bat"/>
    <property name="java.vendor.url.bug" value="http://bugreport.sun.com/bugreport/"/>
    <property name="PUBLIC" value="C:\Users\Public"/>
    <property name="user.name" value="betterda"/>
    <property name="sun.io.unicode.encoding" value="UnicodeLittle"/>
    <property name="sun.jnu.encoding" value="GBK"/>
    <property name="java.runtime.name" value="Java(TM) SE Runtime Environment"/>
    <property name="windir" value="C:\WINDOWS"/>
    <property name="PROCESSOR_IDENTIFIER" value="Intel64 Family 6 Model 158 Stepping 9, GenuineIntel"/>
    <property name="=E:" value="E:\xxf\xuexi\apache-tomcat-9.0.27\bin"/>
    <property name="java.specification.name" value="Java Platform API Specification"/>
    <property name="LOCALAPPDATA" value="C:\Users\betterda\AppData\Local"/>
    <property name="RUN_CHANGES_DISPLAY_URL" value="http://localhost:8080/jenkins/job/Selenium1/5/display/redirect?page=changes"/>
    <property name="user.timezone" value="Asia/Shanghai"/>
    <property name="PROCESSOR_ARCHITEW6432" value="AMD64"/>
    <property name="user.script" value=""/>
    <property name="path.separator" value=";"/>
    <property name="NUMBER_OF_PROCESSORS" value="4"/>
    <property name="BUILD_TAG" value="jenkins-Selenium1-5"/>
    <property name="file.encoding" value="GBK"/>
    <property name="sun.java.command" value="jenkins.maven3.agent.Maven33Main E:\xxf\xuexi\apache-maven-3.3.9 E:\xxf\xuexi\apache-tomcat-9.0.27\webapps\jenkins\WEB-INF\lib\remoting-3.33.jar E:\xxf\jenkins_workspace\plugins\maven-plugin\WEB-INF\lib\maven33-interceptor-1.13.jar E:\xxf\jenkins_workspace\plugins\maven-plugin\WEB-INF\lib\maven3-interceptor-commons-1.13.jar 51773"/>
    <property name="HUDSON_URL" value="http://localhost:8080/jenkins/"/>
    <property name="JENKINS_SERVER_COOKIE" value="6d00e2e9e91009a0"/>
    <property name="EXECUTOR_NUMBER" value="1"/>
    <property name="Path" value="D:/Program Files (x86)/Java/jdk1.8.0_73/bin;D:\Program Files (x86)\Python\Scripts\;D:\Program Files (x86)\Python\;C:\ProgramData\Oracle\Java\javapath;C:\Program Files (x86)\Common Files\Intel\Shared Libraries\redist\intel64_win\compiler;C:\Program Files (x86)\Common Files\Intel\Shared Libraries\redist\intel64\compiler;C:\WINDOWS\system32;C:\WINDOWS;C:\WINDOWS\System32\Wbem;C:\WINDOWS\System32\WindowsPowerShell\v1.0\;C:\WINDOWS\System32\OpenSSH\;D:\Program Files\TortoiseSVN\bin;D:\Program Files (x86)\Java\jdk1.8.0_73\bin;D:\Program Files (x86)\Python;C:\Program Files\MySQL\MySQL Server 5.0\bin;D:\Program Files (x86)\Java\jdk1.8.0_73\jre\bin;D:\Program Files\Git\cmd;D:\Program Files\Git\bin;D:\Program Files\Git\mingw64\libexec\git-core;&quot;D:\Program Files (x86)\Java\jdk1.8.0_73\bin;D:\Program Files (x86)\Java\jdk1.8.0_73\jre\bin&quot;;C:\Users\betterda\AppData\Local\Microsoft\WindowsApps;"/>
    <property name="java.io.tmpdir" value="C:\Users\betterda\AppData\Local\Temp\"/>
    <property name="APPDATA" value="C:\Users\betterda\AppData\Roaming"/>
    <property name="user.language" value="zh"/>
    <property name="CATALINA_TMPDIR" value="E:\xxf\xuexi\apache-tomcat-9.0.27\temp"/>
    <property name="line.separator" value="&#10;"/>
    <property name="BUILD_URL" value="http://localhost:8080/jenkins/job/Selenium1/5/"/>
    <property name="ACTION" value="start"/>
    <property name="INTEL_DEV_REDIST" value="C:\Program Files (x86)\Common Files\Intel\Shared Libraries\"/>
    <property name="M2_HOME" value="E:\xxf\xuexi\apache-maven-3.3.9"/>
    <property name="java.vm.info" value="mixed mode, sharing"/>
    <property name="DriverData" value="C:\Windows\System32\Drivers\DriverData"/>
    <property name="sun.desktop" value="windows"/>
    <property name="java.vm.specification.name" value="Java Virtual Machine Specification"/>
    <property name="BUILD_DISPLAY_NAME" value="#5"/>
    <property name="OS" value="Windows_NT"/>
    <property name="guice.disable.misplaced.annotation.check" value="true"/>
    <property name="CATALINA_BASE" value="E:\xxf\xuexi\apache-tomcat-9.0.27"/>
    <property name="HUDSON_SERVER_COOKIE" value="6d00e2e9e91009a0"/>
    <property name="JRE_HOME" value="D:\Program Files (x86)\Java\jdk1.8.0_73"/>
    <property name="_EXECJAVA" value="start &quot;Tomcat&quot; &quot;D:\Program Files (x86)\Java\jdk1.8.0_73\bin\java.exe&quot;"/>
    <property name="_RUNJAVA" value="&quot;D:\Program Files (x86)\Java\jdk1.8.0_73\bin\java.exe&quot;"/>
    <property name="MAVEN_HOME" value="E:\xxf\xuexi\apache-maven-3.3.9"/>
    <property name="SESSIONNAME" value="Console"/>
    <property name="PATHEXT" value=".COM;.EXE;.BAT;.CMD;.VBS;.VBE;.JS;.JSE;.WSF;.WSH;.MSC;.PY;.PYW"/>
    <property name="java.awt.printerjob" value="sun.awt.windows.WPrinterJob"/>
    <property name="maven3.interceptor.common" value="E:\xxf\jenkins_workspace\plugins\maven-plugin\WEB-INF\lib\maven3-interceptor-commons-1.13.jar"/>
    <property name="CLASSPATH" value=""/>
    <property name="LOGGING_CONFIG" value="-Djava.util.logging.config.file=&quot;E:\xxf\xuexi\apache-tomcat-9.0.27\conf\logging.properties&quot;"/>
    <property name="HOMEPATH" value="\Users\betterda"/>
    <property name="os.name" value="Windows 10"/>
    <property name="java.specification.vendor" value="Oracle Corporation"/>
    <property name="java.vm.name" value="Java HotSpot(TM) Client VM"/>
    <property name="BUILD_NUMBER" value="5"/>
    <property name="maven3.interceptor" value="E:\xxf\jenkins_workspace\plugins\maven-plugin\WEB-INF\lib\maven33-interceptor-1.13.jar"/>
    <property name="java.library.path" value="D:\Program Files (x86)\Java\jdk1.8.0_73\bin;C:\WINDOWS\Sun\Java\bin;C:\WINDOWS\system32;C:\WINDOWS;E:\xxf\xuexi\apache-maven-3.3.9/bin;D:/Program Files (x86)/Java/jdk1.8.0_73/bin;D:/Program Files (x86)/Java/jdk1.8.0_73/bin;D:\Program Files (x86)\Python\Scripts\;D:\Program Files (x86)\Python\;C:\ProgramData\Oracle\Java\javapath;C:\Program Files (x86)\Common Files\Intel\Shared Libraries\redist\intel64_win\compiler;C:\Program Files (x86)\Common Files\Intel\Shared Libraries\redist\intel64\compiler;C:\WINDOWS\system32;C:\WINDOWS;C:\WINDOWS\System32\Wbem;C:\WINDOWS\System32\WindowsPowerShell\v1.0\;C:\WINDOWS\System32\OpenSSH\;D:\Program Files\TortoiseSVN\bin;D:\Program Files (x86)\Java\jdk1.8.0_73\bin;D:\Program Files (x86)\Python;C:\Program Files\MySQL\MySQL Server 5.0\bin;D:\Program Files (x86)\Java\jdk1.8.0_73\jre\bin;D:\Program Files\Git\cmd;D:\Program Files\Git\bin;D:\Program Files\Git\mingw64\libexec\git-core;&quot;D:\Program Files (x86)\Java\jdk1.8.0_73\bin;D:\Program Files (x86)\Java\jdk1.8.0_73\jre\bin&quot;;C:\Users\betterda\AppData\Local\Microsoft\WindowsApps;;."/>
    <property name="HOMEDRIVE" value="C:"/>
    <property name="POM_GROUPID" value="Automation"/>
    <property name="POM_ARTIFACTID" value="Selenium"/>
    <property name="java.class.version" value="52.0"/>
    <property name="JSSE_OPTS" value="-Djdk.tls.ephemeralDHKeySize=2048"/>
    <property name="LOGGING_MANAGER" value="-Djava.util.logging.manager=org.apache.juli.ClassLoaderLogManager"/>
    <property name="_RUNJDB" value="&quot;D:\Program Files (x86)\Java\jdk1.8.0_73\bin\jdb.exe&quot;"/>
    <property name="JOB_URL" value="http://localhost:8080/jenkins/job/Selenium1/"/>
    <property name="OneDrive" value="C:\Users\betterda\OneDrive"/>
    <property name="RUN_DISPLAY_URL" value="http://localhost:8080/jenkins/job/Selenium1/5/display/redirect"/>
    <property name="VBOX_MSI_INSTALL_PATH" value="D:\Program Files\Oracle\VirtualBox\"/>
    <property name="MAINCLASS" value="org.apache.catalina.startup.Bootstrap"/>
    <property name="JENKINS_HOME" value="E:\xxf\jenkins_workspace"/>
    <property name="BUILD_ID" value="5"/>
    <property name="TEMP" value="C:\Users\betterda\AppData\Local\Temp"/>
    <property name="sun.boot.library.path" value="D:\Program Files (x86)\Java\jdk1.8.0_73\bin"/>
    <property name="JDK_JAVA_OPTIONS" value=" --add-opens=java.base/java.lang=ALL-UNNAMED --add-opens=java.base/java.io=ALL-UNNAMED --add-opens=java.rmi/sun.rmi.transport=ALL-UNNAMED"/>
    <property name="sun.management.compiler" value="HotSpot Client Compiler"/>
    <property name="java.awt.graphicsenv" value="sun.awt.Win32GraphicsEnvironment"/>
    <property name="user.variant" value=""/>
    <property name="PROCESSOR_REVISION" value="9e09"/>
    <property name="POM_VERSION" value="1.0-SNAPSHOT"/>
    <property name="HUDSON_HOME" value="E:\xxf\jenkins_workspace"/>
    <property name="ProgramFiles(x86)" value="C:\Program Files (x86)"/>
    <property name="PATH+MAVEN" value="E:\xxf\xuexi\apache-maven-3.3.9/bin"/>
    <property name="USERDOMAIN_ROAMINGPROFILE" value="DESKTOP-TD698K0"/>
    <property name="PROMPT" value="$P$G"/>
    <property name="CURRENT_DIR" value="E:\xxf\xuexi\apache-tomcat-9.0.27\bin"/>
    <property name="java.vm.specification.version" value="1.8"/>
    <property name="JAVA_HOME" value="D:/Program Files (x86)/Java/jdk1.8.0_73"/>
    <property name="awt.toolkit" value="sun.awt.windows.WToolkit"/>
    <property name="NODE_LABELS" value="master"/>
    <property name="sun.cpu.isalist" value="pentium_pro+mmx pentium_pro pentium+mmx pentium i486 i386 i86"/>
    <property name="USERPROFILE" value="C:\Users\betterda"/>
    <property name="JOB_DISPLAY_URL" value="http://localhost:8080/jenkins/job/Selenium1/display/redirect"/>
    <property name="java.ext.dirs" value="D:\Program Files (x86)\Java\jdk1.8.0_73\lib\ext;C:\WINDOWS\Sun\Java\lib\ext"/>
    <property name="os.version" value="10.0"/>
    <property name="user.home" value="C:\Users\betterda"/>
    <property name="USERNAME" value="betterda"/>
    <property name="java.vm.vendor" value="Oracle Corporation"/>
    <property name="PROCESSOR_LEVEL" value="6"/>
    <property name="CommonProgramW6432" value="C:\Program Files\Common Files"/>
    <property name="user.dir" value="E:\IDEA"/>
    <property name="ProgramW6432" value="C:\Program Files"/>
    <property name="TMP" value="C:\Users\betterda\AppData\Local\Temp"/>
    <property name="sun.cpu.endian" value="little"/>
    <property name="SystemDrive" value="C:"/>
    <property name="java.vm.version" value="25.73-b02"/>
    <property name="java.class.path" value="E:\xxf\jenkins_workspace\plugins\maven-plugin\WEB-INF\lib\maven33-agent-1.13.jar;E:\xxf\xuexi\apache-maven-3.3.9\boot\plexus-classworlds-2.5.2.jar;E:\xxf\xuexi\apache-maven-3.3.9/conf/logging"/>
    <property name="org.slf4j.simpleLogger.defaultLogLevel" value="info"/>
    <property name="os.arch" value="x86"/>
    <property name="WORKSPACE" value="E:\xxf\jenkins_workspace\workspace\Selenium1"/>
    <property name="ComSpec" value="C:\WINDOWS\system32\cmd.exe"/>
    <property name="sun.java.launcher" value="SUN_STANDARD"/>
    <property name="FPS_BROWSER_APP_PROFILE_STRING" value="Internet Explorer"/>
    <property name="SystemRoot" value="C:\WINDOWS"/>
    <property name="MIC_LD_LIBRARY_PATH" value="C:\Program Files (x86)\Common Files\Intel\Shared Libraries\compiler\lib\intel64_win_mic"/>
    <property name="CommonProgramFiles" value="C:\Program Files (x86)\Common Files"/>
    <property name="java.vm.specification.vendor" value="Oracle Corporation"/>
    <property name="FPS_BROWSER_USER_PROFILE_STRING" value="Default"/>
    <property name="file.separator" value="\"/>
    <property name="java.runtime.version" value="1.8.0_73-b02"/>
    <property name="sun.boot.class.path" value="D:\Program Files (x86)\Java\jdk1.8.0_73\lib\resources.jar;D:\Program Files (x86)\Java\jdk1.8.0_73\lib\rt.jar;D:\Program Files (x86)\Java\jdk1.8.0_73\lib\sunrsasign.jar;D:\Program Files (x86)\Java\jdk1.8.0_73\lib\jsse.jar;D:\Program Files (x86)\Java\jdk1.8.0_73\lib\jce.jar;D:\Program Files (x86)\Java\jdk1.8.0_73\lib\charsets.jar;D:\Program Files (x86)\Java\jdk1.8.0_73\lib\jfr.jar;D:\Program Files (x86)\Java\jdk1.8.0_73\classes"/>
    <property name="ProgramFiles" value="C:\Program Files (x86)"/>
    <property name="PATH+JDK" value="D:/Program Files (x86)/Java/jdk1.8.0_73/bin"/>
    <property name="user.country" value="CN"/>
    <property name="POM_PACKAGING" value="jar"/>
    <property name="maven.home" value="E:\xxf\xuexi\apache-maven-3.3.9"/>
    <property name="ENDORSED_PROP" value="ignore.endorsed.dirs"/>
    <property name="JOB_BASE_NAME" value="Selenium1"/>
    <property name="java.vendor" value="Oracle Corporation"/>
    <property name="POM_DISPLAYNAME" value="Selenium"/>
    <property name="java.specification.version" value="1.8"/>
    <property name="sun.arch.data.model" value="32"/>
  </properties>
  <testcase name="testCast2" classname="com.test.TestNGDemo1" time="0.001"/>
  <testcase name="testCase1" classname="com.test.TestNGDemo1" time="0.002"/>
</testsuite>