<?xml version="1.0" encoding="UTF-8"?>
<!-- Generated by org.testng.reporters.JUnitReportReporter -->
<testsuite hostname="DESKTOP-TD698K0" name="com.test.TestNGDemo1" tests="2" failures="0" timestamp="20 Nov 2019 07:03:41 GMT" time="0.002" errors="0">
  <testcase name="testCast2" time="0.001" classname="com.test.TestNGDemo1"/>
  <testcase name="testCase1" time="0.001" classname="com.test.TestNGDemo1"/>
</testsuite> <!-- com.test.TestNGDemo1 -->
